<?xml version="1.0" encoding="utf-8"?><testsuites name="pytest tests"><testsuite name="pytest" errors="0" failures="0" skipped="0" tests="17" time="2.349" timestamp="2026-05-17T18:52:51.362932+00:00" hostname="agent-env-0a467831-d38b-4411-875c-069b68cadc26"><testcase classname="backend.tests.test_kshopping" name="test_health" time="0.134" /><testcase classname="backend.tests.test_kshopping" name="test_list_products_has_2_with_new_fields" time="0.043" /><testcase classname="backend.tests.test_kshopping" name="test_get_metalfix_by_slug" time="0.089" /><testcase classname="backend.tests.test_kshopping" name="test_get_magicpen_by_slug" time="0.086" /><testcase classname="backend.tests.test_kshopping" name="test_get_product_invalid_slug" time="0.044" /><testcase classname="backend.tests.test_kshopping" name="test_login_success" time="0.270" /><testcase classname="backend.tests.test_kshopping" name="test_login_wrong_password" time="0.273" /><testcase classname="backend.tests.test_kshopping" name="test_login_wrong_email" time="0.050" /><testcase classname="backend.tests.test_kshopping" name="test_me_with_token" time="0.321" /><testcase classname="backend.tests.test_kshopping" name="test_me_no_token" time="0.163" /><testcase classname="backend.tests.test_kshopping" name="test_me_invalid_token" time="0.119" /><testcase classname="backend.tests.test_kshopping" name="test_admin_list_requires_auth" time="0.135" /><testcase classname="backend.tests.test_kshopping" name="test_admin_list_products" time="0.046" /><testcase classname="backend.tests.test_kshopping" name="test_admin_create_industrial_product" time="0.282" /><testcase classname="backend.tests.test_kshopping" name="test_admin_update_nonexistent" time="0.047" /><testcase classname="backend.tests.test_kshopping" name="test_admin_delete_nonexistent" time="0.044" /><testcase classname="backend.tests.test_kshopping" name="test_admin_create_requires_auth" time="0.110" /></testsuite></testsuites>